  MyForm.cpp
D:\Program Files (x86)\programs\Practic_two\Practic_two\MyForm.h(84,98): warning C4244: аргумент: преобразование "double" в "int", возможна потеря данных
D:\Program Files (x86)\programs\Practic_two\Practic_two\MyForm.h(84,61): warning C4244: аргумент: преобразование "double" в "int", возможна потеря данных
D:\Program Files (x86)\programs\Practic_two\Practic_two\MyForm.h(85,98): warning C4244: аргумент: преобразование "double" в "int", возможна потеря данных
D:\Program Files (x86)\programs\Practic_two\Practic_two\MyForm.h(85,61): warning C4244: аргумент: преобразование "double" в "int", возможна потеря данных
D:\Program Files (x86)\programs\Practic_two\Practic_two\MyForm.h(86,97): warning C4244: аргумент: преобразование "double" в "int", возможна потеря данных
D:\Program Files (x86)\programs\Practic_two\Practic_two\MyForm.h(86,59): warning C4244: аргумент: преобразование "double" в "int", возможна потеря данных
D:\Program Files (x86)\programs\Practic_two\Practic_two\MyForm.h(87,96): warning C4244: аргумент: преобразование "double" в "int", возможна потеря данных
D:\Program Files (x86)\programs\Practic_two\Practic_two\MyForm.h(87,59): warning C4244: аргумент: преобразование "double" в "int", возможна потеря данных
D:\Program Files (x86)\programs\Practic_two\Practic_two\MyForm.h(88,97): warning C4244: аргумент: преобразование "double" в "int", возможна потеря данных
D:\Program Files (x86)\programs\Practic_two\Practic_two\MyForm.h(88,60): warning C4244: аргумент: преобразование "double" в "int", возможна потеря данных
D:\Program Files (x86)\programs\Practic_two\Practic_two\MyForm.h(89,97): warning C4244: аргумент: преобразование "double" в "int", возможна потеря данных
D:\Program Files (x86)\programs\Practic_two\Practic_two\MyForm.h(89,59): warning C4244: аргумент: преобразование "double" в "int", возможна потеря данных
D:\Program Files (x86)\programs\Practic_two\Practic_two\MyForm.h(90,98): warning C4244: аргумент: преобразование "double" в "int", возможна потеря данных
D:\Program Files (x86)\programs\Practic_two\Practic_two\MyForm.h(90,59): warning C4244: аргумент: преобразование "double" в "int", возможна потеря данных
D:\Program Files (x86)\programs\Practic_two\Practic_two\MyForm.h(91,98): warning C4244: аргумент: преобразование "double" в "int", возможна потеря данных
D:\Program Files (x86)\programs\Practic_two\Practic_two\MyForm.h(91,60): warning C4244: аргумент: преобразование "double" в "int", возможна потеря данных
D:\Program Files (x86)\programs\Practic_two\Practic_two\MyForm.h(92,98): warning C4244: аргумент: преобразование "double" в "int", возможна потеря данных
D:\Program Files (x86)\programs\Practic_two\Practic_two\MyForm.h(92,61): warning C4244: аргумент: преобразование "double" в "int", возможна потеря данных
D:\Program Files (x86)\programs\Practic_two\Practic_two\MyForm.h(95,223): warning C4244: аргумент: преобразование "double" в "int", возможна потеря данных
D:\Program Files (x86)\programs\Practic_two\Practic_two\MyForm.h(95,122): warning C4244: аргумент: преобразование "double" в "int", возможна потеря данных
D:\Program Files (x86)\programs\Practic_two\Practic_two\MyForm.h(100,69): warning C4244: аргумент: преобразование "int" в "float", возможна потеря данных
D:\Program Files (x86)\programs\Practic_two\Practic_two\MyForm.h(119,62): warning C4244: аргумент: преобразование "int" в "float", возможна потеря данных
D:\Program Files (x86)\programs\Practic_two\Practic_two\MyForm.h(120,103): warning C4244: аргумент: преобразование "int" в "float", возможна потеря данных
D:\Program Files (x86)\programs\Practic_two\Practic_two\MyForm.h(645,13): warning C4244: инициализация: преобразование "float" в "int", возможна потеря данных
D:\Program Files (x86)\programs\Practic_two\Practic_two\MyForm.h(652,1): warning C4305: инициализация: усечение из "double" в "float"
D:\Program Files (x86)\programs\Practic_two\Practic_two\MyForm.h(663,31): warning C4244: аргумент: преобразование "double" в "int", возможна потеря данных
D:\Program Files (x86)\programs\Practic_two\Practic_two\MyForm.h(663,28): warning C4244: аргумент: преобразование "double" в "int", возможна потеря данных
D:\Program Files (x86)\programs\Practic_two\Practic_two\MyForm.h(664,42): warning C4244: аргумент: преобразование "double" в "float", возможна потеря данных
D:\Program Files (x86)\programs\Practic_two\Practic_two\MyForm.h(664,20): warning C4244: аргумент: преобразование "double" в "int", возможна потеря данных
D:\Program Files (x86)\programs\Practic_two\Practic_two\MyForm.h(664,17): warning C4244: аргумент: преобразование "double" в "int", возможна потеря данных
D:\Program Files (x86)\programs\Practic_two\Practic_two\MyForm.h(678,31): warning C4244: аргумент: преобразование "double" в "int", возможна потеря данных
D:\Program Files (x86)\programs\Practic_two\Practic_two\MyForm.h(678,28): warning C4244: аргумент: преобразование "double" в "int", возможна потеря данных
D:\Program Files (x86)\programs\Practic_two\Practic_two\MyForm.h(679,42): warning C4244: аргумент: преобразование "double" в "float", возможна потеря данных
D:\Program Files (x86)\programs\Practic_two\Practic_two\MyForm.h(679,20): warning C4244: аргумент: преобразование "double" в "int", возможна потеря данных
D:\Program Files (x86)\programs\Practic_two\Practic_two\MyForm.h(679,17): warning C4244: аргумент: преобразование "double" в "int", возможна потеря данных
D:\Program Files (x86)\programs\Practic_two\Practic_two\MyForm.h(828,1): warning C4305: =: усечение из "double" в "float"
D:\Program Files (x86)\programs\Practic_two\Practic_two\MyForm.h(829,1): warning C4305: =: усечение из "double" в "float"
D:\Program Files (x86)\programs\Practic_two\Practic_two\MyForm.h(830,1): warning C4305: =: усечение из "double" в "float"
D:\Program Files (x86)\programs\Practic_two\Practic_two\MyForm.h(831,1): warning C4305: =: усечение из "double" в "float"
  MyForm.obj : обнаружен модуль MSIL; для MSIL последовательная компоновка отключена; выполняется полная компоновка
  Practic_two.vcxproj -> D:\Program Files (x86)\programs\Practic_two\Debug\Practic_two.exe
